2020 Jun 12, Fri 12:10:23 issue.py [line:16] INFO redmine_key: 7bac3fdae16c636665451da0f23248fbf1397393
2020 Jun 12, Fri 12:10:23 project.py [line:22] INFO private_token: _gTC84sWy8QgrXwzmz3D
2020 Jun 12, Fri 12:10:23 util.py [line:70] INFO post url https://10.50.1.55/v3-public/localProviders/local?action=login
2020 Jun 12, Fri 12:10:23 util.py [line:71] INFO post parameter {'username': 'admin', 'password': 'openstack'}
2020 Jun 12, Fri 12:10:23 util.py [line:76] INFO Post api parameter is : {'username': 'admin', 'password': 'openstack'}
2020 Jun 12, Fri 12:10:23 util.py [line:77] INFO Post api status code is : 201
2020 Jun 12, Fri 12:10:23 util.py [line:78] INFO Post api waste time: 0.22206
2020 Jun 12, Fri 12:10:23 util.py [line:79] INFO Post api message is : {"authProvider":"local","baseType":"token","clusterId":null,"created":"2020-06-12T04:10:23Z","createdTS":1591935023000,"creatorId":null,"current":false,"description":"","enabled":true,"expired":false,"expiresAt":"","groupPrincipals":null,"id":"token-7bfpk","isDerived":false,"labels":{"authn.management.cattle.io/token-userId":"user-j8mp5","cattle.io/creator":"norman"},"lastUpdateTime":"","links":{"self":"https://10.50.1.55/v3-public/tokens/token-7bfpk"},"name":"token-7bfpk","token":"token-7bfpk:w5m9j2q2blkc7bxl6bcr5dktj2x997mr7zlbs58f2p9pklx2pxtjwl","ttl":0,"type":"token","userId":"user-j8mp5","userPrincipal":"map[loginName:admin principalType:user me:true provider:local metadata:map[name:local://user-j8mp5 creationTimestamp:\u003cnil\u003e] displayName:Default Admin]","uuid":"a35b42b3-ac62-11ea-9080-0242ac110002"}

2020 Jun 12, Fri 12:10:26 issue.py [line:88] INFO Check db data: project2_update
2020 Jun 12, Fri 12:10:26 issue.py [line:93] INFO Check db data: project2_update
2020 Jun 12, Fri 12:10:26 issue.py [line:95] INFO before delete table data number: 19
2020 Jun 12, Fri 12:10:26 issue.py [line:99] INFO after delete table data number: 18
2020 Jun 12, Fri 12:10:46 issue.py [line:88] INFO Check db data: project1
2020 Jun 13, Sat 10:56:18 issue.py [line:16] INFO redmine_key: 7bac3fdae16c636665451da0f23248fbf1397393
2020 Jun 13, Sat 10:56:18 project.py [line:22] INFO private_token: _gTC84sWy8QgrXwzmz3D
2020 Jun 13, Sat 10:56:18 util.py [line:70] INFO post url https://10.50.1.55/v3-public/localProviders/local?action=login
2020 Jun 13, Sat 10:56:18 util.py [line:71] INFO post parameter {'username': 'admin', 'password': 'openstack'}
2020 Jun 13, Sat 10:56:19 util.py [line:76] INFO Post api parameter is : {'username': 'admin', 'password': 'openstack'}
2020 Jun 13, Sat 10:56:19 util.py [line:77] INFO Post api status code is : 201
2020 Jun 13, Sat 10:56:19 util.py [line:78] INFO Post api waste time: 0.656047
2020 Jun 13, Sat 10:56:19 util.py [line:79] INFO Post api message is : {"authProvider":"local","baseType":"token","clusterId":null,"created":"2020-06-13T02:56:19Z","createdTS":1592016979000,"creatorId":null,"current":false,"description":"","enabled":true,"expired":false,"expiresAt":"","groupPrincipals":null,"id":"token-zdck6","isDerived":false,"labels":{"authn.management.cattle.io/token-userId":"user-j8mp5","cattle.io/creator":"norman"},"lastUpdateTime":"","links":{"self":"https://10.50.1.55/v3-public/tokens/token-zdck6"},"name":"token-zdck6","token":"token-zdck6:hwzkgdbxkmsg99zbh9wpm65bsxx8z9qwgv8ljm5fg4xk4s77wkdlzg","ttl":0,"type":"token","userId":"user-j8mp5","userPrincipal":"map[me:true provider:local metadata:map[name:local://user-j8mp5 creationTimestamp:\u003cnil\u003e] displayName:Default Admin loginName:admin principalType:user]","uuid":"74ad1bf7-ad21-11ea-9080-0242ac110002"}

2020 Jun 13, Sat 10:56:38 issue.py [line:88] INFO Check db data: project1
2020 Jun 13, Sat 10:58:16 issue.py [line:16] INFO redmine_key: 7bac3fdae16c636665451da0f23248fbf1397393
2020 Jun 13, Sat 10:58:16 project.py [line:22] INFO private_token: _gTC84sWy8QgrXwzmz3D
2020 Jun 13, Sat 10:58:16 util.py [line:70] INFO post url https://10.50.1.55/v3-public/localProviders/local?action=login
2020 Jun 13, Sat 10:58:16 util.py [line:71] INFO post parameter {'username': 'admin', 'password': 'openstack'}
2020 Jun 13, Sat 10:58:17 util.py [line:76] INFO Post api parameter is : {'username': 'admin', 'password': 'openstack'}
2020 Jun 13, Sat 10:58:17 util.py [line:77] INFO Post api status code is : 201
2020 Jun 13, Sat 10:58:17 util.py [line:78] INFO Post api waste time: 0.790503
2020 Jun 13, Sat 10:58:17 util.py [line:79] INFO Post api message is : {"authProvider":"local","baseType":"token","clusterId":null,"created":"2020-06-13T02:58:17Z","createdTS":1592017097000,"creatorId":null,"current":false,"description":"","enabled":true,"expired":false,"expiresAt":"","groupPrincipals":null,"id":"token-tkvs6","isDerived":false,"labels":{"authn.management.cattle.io/token-userId":"user-j8mp5","cattle.io/creator":"norman"},"lastUpdateTime":"","links":{"self":"https://10.50.1.55/v3-public/tokens/token-tkvs6"},"name":"token-tkvs6","token":"token-tkvs6:qgnmn282hsw5vg79btqmrnjvhrvmw8b7nsgv6jcbcmmr6fnt94pvb8","ttl":0,"type":"token","userId":"user-j8mp5","userPrincipal":"map[loginName:admin principalType:user me:true provider:local metadata:map[name:local://user-j8mp5 creationTimestamp:\u003cnil\u003e] displayName:Default Admin]","uuid":"bb46919c-ad21-11ea-9080-0242ac110002"}

2020 Jun 13, Sat 10:58:23 issue.py [line:88] INFO Check db data: project1
2020 Jun 13, Sat 11:09:42 issue.py [line:16] INFO redmine_key: 7bac3fdae16c636665451da0f23248fbf1397393
2020 Jun 13, Sat 11:09:42 project.py [line:22] INFO private_token: _gTC84sWy8QgrXwzmz3D
2020 Jun 13, Sat 11:09:42 util.py [line:70] INFO post url https://10.50.1.55/v3-public/localProviders/local?action=login
2020 Jun 13, Sat 11:09:42 util.py [line:71] INFO post parameter {'username': 'admin', 'password': 'openstack'}
2020 Jun 13, Sat 11:09:43 util.py [line:76] INFO Post api parameter is : {'username': 'admin', 'password': 'openstack'}
2020 Jun 13, Sat 11:09:43 util.py [line:77] INFO Post api status code is : 201
2020 Jun 13, Sat 11:09:43 util.py [line:78] INFO Post api waste time: 0.695601
2020 Jun 13, Sat 11:09:43 util.py [line:79] INFO Post api message is : {"authProvider":"local","baseType":"token","clusterId":null,"created":"2020-06-13T03:09:43Z","createdTS":1592017783000,"creatorId":null,"current":false,"description":"","enabled":true,"expired":false,"expiresAt":"","groupPrincipals":null,"id":"token-fj4dz","isDerived":false,"labels":{"authn.management.cattle.io/token-userId":"user-j8mp5","cattle.io/creator":"norman"},"lastUpdateTime":"","links":{"self":"https://10.50.1.55/v3-public/tokens/token-fj4dz"},"name":"token-fj4dz","token":"token-fj4dz:578nzzdzz6jmjzgd6xj6xg7c26kts2dc2s6txlp5qmqw7dtn7nlq69","ttl":0,"type":"token","userId":"user-j8mp5","userPrincipal":"map[loginName:admin principalType:user me:true provider:local metadata:map[name:local://user-j8mp5 creationTimestamp:\u003cnil\u003e] displayName:Default Admin]","uuid":"53e35e5d-ad23-11ea-9080-0242ac110002"}

2020 Jun 13, Sat 11:09:46 issue.py [line:88] INFO Check db data: project1
2020 Jun 13, Sat 11:09:49 issue.py [line:88] INFO Check db data: project1
2020 Jun 13, Sat 11:10:21 issue.py [line:16] INFO redmine_key: 7bac3fdae16c636665451da0f23248fbf1397393
2020 Jun 13, Sat 11:10:21 project.py [line:22] INFO private_token: _gTC84sWy8QgrXwzmz3D
2020 Jun 13, Sat 11:10:21 util.py [line:70] INFO post url https://10.50.1.55/v3-public/localProviders/local?action=login
2020 Jun 13, Sat 11:10:21 util.py [line:71] INFO post parameter {'username': 'admin', 'password': 'openstack'}
2020 Jun 13, Sat 11:10:22 util.py [line:76] INFO Post api parameter is : {'username': 'admin', 'password': 'openstack'}
2020 Jun 13, Sat 11:10:22 util.py [line:77] INFO Post api status code is : 201
2020 Jun 13, Sat 11:10:22 util.py [line:78] INFO Post api waste time: 0.952764
2020 Jun 13, Sat 11:10:22 util.py [line:79] INFO Post api message is : {"authProvider":"local","baseType":"token","clusterId":null,"created":"2020-06-13T03:10:22Z","createdTS":1592017822000,"creatorId":null,"current":false,"description":"","enabled":true,"expired":false,"expiresAt":"","groupPrincipals":null,"id":"token-vnqzp","isDerived":false,"labels":{"authn.management.cattle.io/token-userId":"user-j8mp5","cattle.io/creator":"norman"},"lastUpdateTime":"","links":{"self":"https://10.50.1.55/v3-public/tokens/token-vnqzp"},"name":"token-vnqzp","token":"token-vnqzp:m2ck7b98srxh4v8r4gf8f8pgz8npzwlz4vg8sfct5d2wm7x4zmprt2","ttl":0,"type":"token","userId":"user-j8mp5","userPrincipal":"map[displayName:Default Admin loginName:admin principalType:user me:true provider:local metadata:map[name:local://user-j8mp5 creationTimestamp:\u003cnil\u003e]]","uuid":"6b46a499-ad23-11ea-9080-0242ac110002"}

2020 Jun 13, Sat 11:10:25 issue.py [line:88] INFO Check db data: project1
2020 Jun 13, Sat 11:10:26 issue.py [line:93] INFO Check db data: project1
2020 Jun 13, Sat 11:10:26 issue.py [line:95] INFO before delete table data number: 24
2020 Jun 13, Sat 11:10:27 issue.py [line:99] INFO after delete table data number: 23
2020 Jun 13, Sat 11:10:27 issue.py [line:88] INFO Check db data: project1
2020 Jun 13, Sat 11:10:28 issue.py [line:93] INFO Check db data: project1
2020 Jun 13, Sat 11:10:28 issue.py [line:95] INFO before delete table data number: 24
2020 Jun 13, Sat 11:10:29 issue.py [line:99] INFO after delete table data number: 23
2020 Jun 13, Sat 11:10:29 issue.py [line:88] INFO Check db data: project1
2020 Jun 13, Sat 11:10:30 issue.py [line:93] INFO Check db data: project1
2020 Jun 13, Sat 11:10:30 issue.py [line:95] INFO before delete table data number: 24
2020 Jun 13, Sat 11:10:31 issue.py [line:99] INFO after delete table data number: 23
2020 Jun 13, Sat 11:10:31 issue.py [line:88] INFO Check db data: project1
2020 Jun 13, Sat 11:10:32 issue.py [line:93] INFO Check db data: project1
2020 Jun 13, Sat 11:10:32 issue.py [line:95] INFO before delete table data number: 24
2020 Jun 13, Sat 11:10:33 issue.py [line:99] INFO after delete table data number: 23
2020 Jun 13, Sat 11:10:34 issue.py [line:88] INFO Check db data: project1
2020 Jun 13, Sat 11:10:34 issue.py [line:93] INFO Check db data: project1
2020 Jun 13, Sat 11:10:34 issue.py [line:95] INFO before delete table data number: 24
2020 Jun 13, Sat 11:10:35 issue.py [line:99] INFO after delete table data number: 23
2020 Jun 13, Sat 11:10:36 issue.py [line:88] INFO Check db data: project1
2020 Jun 13, Sat 11:10:36 issue.py [line:93] INFO Check db data: project1
2020 Jun 13, Sat 11:10:36 issue.py [line:95] INFO before delete table data number: 24
2020 Jun 13, Sat 11:10:37 issue.py [line:99] INFO after delete table data number: 23
2020 Jun 13, Sat 11:10:49 issue.py [line:88] INFO Check db data: project1
2020 Jun 13, Sat 11:10:49 issue.py [line:93] INFO Check db data: project1
2020 Jun 13, Sat 11:10:50 issue.py [line:95] INFO before delete table data number: 24
2020 Jun 13, Sat 11:10:50 issue.py [line:99] INFO after delete table data number: 23
2020 Jun 13, Sat 11:10:51 issue.py [line:88] INFO Check db data: project1
2020 Jun 13, Sat 11:10:51 issue.py [line:93] INFO Check db data: project1
2020 Jun 13, Sat 11:10:52 issue.py [line:95] INFO before delete table data number: 24
2020 Jun 13, Sat 11:10:52 issue.py [line:99] INFO after delete table data number: 23
2020 Jun 13, Sat 11:10:53 issue.py [line:88] INFO Check db data: project1
2020 Jun 13, Sat 11:10:53 issue.py [line:93] INFO Check db data: project1
2020 Jun 13, Sat 11:10:54 issue.py [line:95] INFO before delete table data number: 24
2020 Jun 13, Sat 11:10:54 issue.py [line:99] INFO after delete table data number: 23
2020 Jun 13, Sat 11:10:55 issue.py [line:88] INFO Check db data: project2_update
2020 Jun 13, Sat 11:10:55 issue.py [line:93] INFO Check db data: project2_update
2020 Jun 13, Sat 11:10:55 issue.py [line:95] INFO before delete table data number: 24
2020 Jun 13, Sat 11:10:56 issue.py [line:99] INFO after delete table data number: 23
